[2024-11-21T16:16:59.817865+09:00] executeSqlQuery.INFO: SQLクエリを実行します。 [] []
[2024-11-21T16:16:59.819015+09:00] executeSqlQuery.INFO: SQLクエリ：SELECT COUNT(*) AS count FROM books WHERE isbn = '9784798179339' [] []
[2024-11-21T16:16:59.819325+09:00] executeSqlQuery.INFO: SQLクエリの実行が完了しました。 [] []
[2024-11-21T16:16:59.819755+09:00] executeSqlQuery.INFO: SQLクエリを実行します。 [] []
[2024-11-21T16:16:59.819899+09:00] executeSqlQuery.INFO: SQLクエリ：	SELECT  	books.isbn, 	books.title, 	books.sub_title, 	books.author, 	books.description, 	books.page, 	books.image_url, 	books.published_date, 	books.content, 	books.industry_important, 	books.work_important, 	books.user_important, 	books.priority, 	books.purchased_flag, 	books.viewed_flag, 	wish_list.memo 	FROM wish_list 	LEFT JOIN books 	ON books.isbn = wish_list.isbn [] []
[2024-11-21T16:16:59.820267+09:00] executeSqlQuery.INFO: SQLクエリの実行が完了しました。 [] []
[2024-11-21T16:17:25.703744+09:00] executeSqlQuery.INFO: SQLクエリを実行します。 [] []
[2024-11-21T16:17:25.704653+09:00] executeSqlQuery.INFO: SQLクエリ：SELECT COUNT(*) AS count FROM books WHERE isbn = '9784798179339' [] []
[2024-11-21T16:17:25.704859+09:00] executeSqlQuery.INFO: SQLクエリの実行が完了しました。 [] []
[2024-11-21T16:17:25.705411+09:00] executeSqlQuery.INFO: SQLクエリを実行します。 [] []
[2024-11-21T16:17:25.705497+09:00] executeSqlQuery.INFO: SQLクエリ：	SELECT  	books.isbn, 	books.title, 	books.sub_title, 	books.author, 	books.description, 	books.page, 	books.image_url, 	books.published_date, 	books.content, 	books.industry_important, 	books.work_important, 	books.user_important, 	books.priority, 	books.purchased_flag, 	books.viewed_flag, 	wish_list.memo 	FROM wish_list 	LEFT JOIN books 	ON books.isbn = wish_list.isbn [] []
[2024-11-21T16:17:25.705707+09:00] executeSqlQuery.INFO: SQLクエリの実行が完了しました。 [] []
[2024-11-21T16:18:50.588428+09:00] executeSqlQuery.INFO: SQLクエリを実行します。 {"SQLクエリ":"SELECT COUNT(*) AS count FROM books WHERE isbn = '9784798179339'"} []
[2024-11-21T16:18:50.589305+09:00] executeSqlQuery.INFO: SQLクエリの実行が完了しました。 [] []
[2024-11-21T16:18:50.589667+09:00] executeSqlQuery.INFO: SQLクエリを実行します。 {"SQLクエリ":"\tSELECT \r\n\tbooks.isbn,\r\n\tbooks.title,\r\n\tbooks.sub_title,\r\n\tbooks.author,\r\n\tbooks.description,\r\n\tbooks.page,\r\n\tbooks.image_url,\r\n\tbooks.published_date,\r\n\tbooks.content,\r\n\tbooks.industry_important,\r\n\tbooks.work_important,\r\n\tbooks.user_important,\r\n\tbooks.priority,\r\n\tbooks.purchased_flag,\r\n\tbooks.viewed_flag,\r\n\twish_list.memo\r\n\tFROM wish_list\r\n\tLEFT JOIN books\r\n\tON books.isbn = wish_list.isbn"} []
[2024-11-21T16:18:50.589940+09:00] executeSqlQuery.INFO: SQLクエリの実行が完了しました。 [] []
[2024-11-21T16:19:30.721085+09:00] executeSqlQuery.INFO: SQLクエリを実行します。 [] []
[2024-11-21T16:19:30.721980+09:00] executeSqlQuery.INFO: SQLクエリ:SELECT COUNT(*) AS count FROM books WHERE isbn = '9784798179339' [] []
[2024-11-21T16:19:30.722190+09:00] executeSqlQuery.INFO: SQLクエリの実行が完了しました。 [] []
[2024-11-21T16:19:30.722614+09:00] executeSqlQuery.INFO: SQLクエリを実行します。 [] []
[2024-11-21T16:19:30.722698+09:00] executeSqlQuery.INFO: SQLクエリ:	SELECT  	books.isbn, 	books.title, 	books.sub_title, 	books.author, 	books.description, 	books.page, 	books.image_url, 	books.published_date, 	books.content, 	books.industry_important, 	books.work_important, 	books.user_important, 	books.priority, 	books.purchased_flag, 	books.viewed_flag, 	wish_list.memo 	FROM wish_list 	LEFT JOIN books 	ON books.isbn = wish_list.isbn [] []
[2024-11-21T16:19:30.722887+09:00] executeSqlQuery.INFO: SQLクエリの実行が完了しました。 [] []
[2024-11-21T16:20:21.827538+09:00] executeSqlQuery.INFO: SQLクエリを実行します。. $sqlQuery [] []
[2024-11-21T16:20:21.828770+09:00] executeSqlQuery.INFO: SQLクエリの実行が完了しました。 [] []
[2024-11-21T16:20:21.829215+09:00] executeSqlQuery.INFO: SQLクエリを実行します。. $sqlQuery [] []
[2024-11-21T16:20:21.829482+09:00] executeSqlQuery.INFO: SQLクエリの実行が完了しました。 [] []
[2024-11-21T16:20:31.974752+09:00] executeSqlQuery.INFO: SQLクエリを実行します。SELECT COUNT(*) AS count FROM books WHERE isbn = '9784798179339' [] []
[2024-11-21T16:20:31.975670+09:00] executeSqlQuery.INFO: SQLクエリの実行が完了しました。 [] []
[2024-11-21T16:20:31.976090+09:00] executeSqlQuery.INFO: SQLクエリを実行します。	SELECT  	books.isbn, 	books.title, 	books.sub_title, 	books.author, 	books.description, 	books.page, 	books.image_url, 	books.published_date, 	books.content, 	books.industry_important, 	books.work_important, 	books.user_important, 	books.priority, 	books.purchased_flag, 	books.viewed_flag, 	wish_list.memo 	FROM wish_list 	LEFT JOIN books 	ON books.isbn = wish_list.isbn [] []
[2024-11-21T16:20:31.976463+09:00] executeSqlQuery.INFO: SQLクエリの実行が完了しました。 [] []
[2024-11-21T16:21:13.800452+09:00] executeSqlQuery.INFO: SQLクエリを実行します。SELECT COUNT(*) AS count FROM books WHERE isbn = '0000000000000' [] []
[2024-11-21T16:21:13.801357+09:00] executeSqlQuery.INFO: SQLクエリの実行が完了しました。 [] []
[2024-11-21T16:21:13.801737+09:00] executeSqlQuery.INFO: SQLクエリを実行します。	SELECT  	books.isbn, 	books.title, 	books.sub_title, 	books.author, 	books.description, 	books.page, 	books.image_url, 	books.published_date, 	books.content, 	books.industry_important, 	books.work_important, 	books.user_important, 	books.priority, 	books.purchased_flag, 	books.viewed_flag, 	wish_list.memo 	FROM wish_list 	LEFT JOIN books 	ON books.isbn = wish_list.isbn [] []
[2024-11-21T16:21:13.802062+09:00] executeSqlQuery.INFO: SQLクエリの実行が完了しました。 [] []
[2024-11-21T16:21:25.596128+09:00] executeSqlQuery.INFO: SQLクエリを実行します。SELECT COUNT(*) AS count FROM books WHERE isbn = '0000000000000' [] []
[2024-11-21T16:21:25.597454+09:00] executeSqlQuery.INFO: SQLクエリの実行が完了しました。 [] []
[2024-11-21T16:21:25.597858+09:00] executeSqlQuery.INFO: SQLクエリを実行します。SELECT books.isbn,books.title,books.sub_title,books.author,books.description,books.page,books.image_url,books.published_date,books.content,books.industry_important,books.work_important,books.user_important,books.priority,books.purchased_flag,books.viewed_flag FROM books_shelf LEFT JOIN books ON books.isbn = books_shelf.isbn [] []
[2024-11-21T16:21:25.598171+09:00] executeSqlQuery.INFO: SQLクエリの実行が完了しました。 [] []
[2024-11-21T16:21:26.488984+09:00] executeSqlQuery.INFO: SQLクエリを実行します。SELECT COUNT(*) AS count FROM books WHERE isbn = '0000000000000' [] []
[2024-11-21T16:21:26.490073+09:00] executeSqlQuery.INFO: SQLクエリの実行が完了しました。 [] []
[2024-11-21T16:21:26.490554+09:00] executeSqlQuery.INFO: SQLクエリを実行します。	SELECT  	books.isbn, 	books.title, 	books.sub_title, 	books.author, 	books.description, 	books.page, 	books.image_url, 	books.published_date, 	books.content, 	books.industry_important, 	books.work_important, 	books.user_important, 	books.priority, 	books.purchased_flag, 	books.viewed_flag, 	wish_list.memo 	FROM wish_list 	LEFT JOIN books 	ON books.isbn = wish_list.isbn [] []
[2024-11-21T16:21:26.490932+09:00] executeSqlQuery.INFO: SQLクエリの実行が完了しました。 [] []
[2024-11-21T16:21:30.560112+09:00] executeSqlQuery.INFO: SQLクエリを実行します。SELECT COUNT(*) AS count FROM books WHERE isbn = '9784814400331' [] []
[2024-11-21T16:21:30.561310+09:00] executeSqlQuery.INFO: SQLクエリの実行が完了しました。 [] []
[2024-11-21T16:21:30.561752+09:00] executeSqlQuery.INFO: SQLクエリを実行します。SELECT COUNT(*) AS count FROM wish_list WHERE isbn = '9784814400331' [] []
[2024-11-21T16:21:30.562038+09:00] executeSqlQuery.INFO: SQLクエリの実行が完了しました。 [] []
[2024-11-21T16:21:30.600327+09:00] executeSqlQuery.INFO: SQLクエリを実行します。SELECT COUNT(*) AS count FROM books WHERE isbn = '9784814400331' [] []
[2024-11-21T16:21:30.601244+09:00] executeSqlQuery.INFO: SQLクエリの実行が完了しました。 [] []
[2024-11-21T16:21:30.601613+09:00] executeSqlQuery.INFO: SQLクエリを実行します。SELECT COUNT(*) AS count FROM wish_list WHERE isbn = '9784814400331' [] []
[2024-11-21T16:21:30.601877+09:00] executeSqlQuery.INFO: SQLクエリの実行が完了しました。 [] []
[2024-11-21T16:21:30.624377+09:00] executeSqlQuery.INFO: SQLクエリを実行します。SELECT COUNT(*) AS count FROM books WHERE isbn = '9784814400331' [] []
[2024-11-21T16:21:30.625258+09:00] executeSqlQuery.INFO: SQLクエリの実行が完了しました。 [] []
[2024-11-21T16:21:30.625618+09:00] executeSqlQuery.INFO: SQLクエリを実行します。SELECT COUNT(*) AS count FROM wish_list WHERE isbn = '9784814400331' [] []
[2024-11-21T16:21:30.625881+09:00] executeSqlQuery.INFO: SQLクエリの実行が完了しました。 [] []
[2024-11-21T16:21:30.645111+09:00] executeSqlQuery.INFO: SQLクエリを実行します。SELECT COUNT(*) AS count FROM books WHERE isbn = '9784814400331' [] []
[2024-11-21T16:21:30.646026+09:00] executeSqlQuery.INFO: SQLクエリの実行が完了しました。 [] []
[2024-11-21T16:21:30.646375+09:00] executeSqlQuery.INFO: SQLクエリを実行します。SELECT COUNT(*) AS count FROM wish_list WHERE isbn = '9784814400331' [] []
[2024-11-21T16:21:30.646646+09:00] executeSqlQuery.INFO: SQLクエリの実行が完了しました。 [] []
[2024-11-21T16:22:19.807054+09:00] executeSqlQuery.INFO: SQLクエリを実行します。SELECT COUNT(*) AS count FROM books WHERE isbn = '9784814400331' [] []
[2024-11-21T16:22:19.808230+09:00] executeSqlQuery.INFO: SQLクエリの実行が完了しました。 [] []
[2024-11-21T16:22:19.808660+09:00] executeSqlQuery.INFO: SQLクエリを実行します。SELECT COUNT(*) AS count FROM wish_list WHERE isbn = '9784814400331' [] []
[2024-11-21T16:22:19.809002+09:00] executeSqlQuery.INFO: SQLクエリの実行が完了しました。 [] []
[2024-11-21T16:22:19.809475+09:00] executeSqlQuery.INFO: SQLクエリを実行します。INSERT INTO wish_list (isbn, memo) VALUES ('9784814400331','0')  [] []
[2024-11-21T16:22:19.810608+09:00] executeSqlQuery.INFO: SQLクエリの実行が完了しました。 [] []
[2024-11-21T16:22:19.811032+09:00] executeSqlQuery.INFO: SQLクエリを実行します。UPDATE books,wish_list SET books.industry_important = '0', books.work_important = '0', books.user_important = '0', books.priority = '0', wish_list.memo = '0' WHERE books.isbn = '9784814400331' [] []
[2024-11-21T16:22:19.816516+09:00] executeSqlQuery.INFO: SQLクエリの実行が完了しました。 [] []
[2024-11-21T16:30:12.458054+09:00] executeSqlQuery.INFO: SQLクエリを実行します。SELECT COUNT(*) AS count FROM books WHERE isbn = '9784798179339' [] []
[2024-11-21T16:30:12.458560+09:00] executeSqlQuery.INFO: SQLクエリの実行が完了しました。 [] []
[2024-11-21T16:30:12.458962+09:00] executeSqlQuery.INFO: SQLクエリを実行します。	SELECT  	books.isbn, 	books.title, 	books.sub_title, 	books.author, 	books.description, 	books.page, 	books.image_url, 	books.published_date, 	books.content, 	books.industry_important, 	books.work_important, 	books.user_important, 	books.priority, 	books.purchased_flag, 	books.viewed_flag, 	wish_list.memo 	FROM wish_list 	LEFT JOIN books 	ON books.isbn = wish_list.isbn [] []
[2024-11-21T16:30:12.459307+09:00] executeSqlQuery.INFO: SQLクエリの実行が完了しました。 [] []
[2024-11-21T16:30:29.056982+09:00] executeSqlQuery.INFO: SQLクエリを実行します。SELECT COUNT(*) AS count FROM books WHERE isbn = '9784798179339' [] []
[2024-11-21T16:30:29.057460+09:00] executeSqlQuery.INFO: SQLクエリの実行が完了しました。 [] []
[2024-11-21T16:30:29.057908+09:00] executeSqlQuery.INFO: SQLクエリを実行します。	SELECT  	books.isbn, 	books.title, 	books.sub_title, 	books.author, 	books.description, 	books.page, 	books.image_url, 	books.published_date, 	books.content, 	books.industry_important, 	books.work_important, 	books.user_important, 	books.priority, 	books.purchased_flag, 	books.viewed_flag, 	wish_list.memo 	FROM wish_list 	LEFT JOIN books 	ON books.isbn = wish_list.isbn [] []
[2024-11-21T16:30:29.058357+09:00] executeSqlQuery.INFO: SQLクエリの実行が完了しました。 [] []
[2024-11-21T16:30:51.878626+09:00] executeSqlQuery.INFO: SQLクエリを実行します。SELECT COUNT(*) AS count FROM books WHERE isbn = '9784798179339' [] []
[2024-11-21T16:30:51.879016+09:00] executeSqlQuery.INFO: SQLクエリの実行が完了しました。 [] []
[2024-11-21T16:30:51.879462+09:00] executeSqlQuery.INFO: SQLクエリを実行します。	SELECT  	books.isbn, 	books.title, 	books.sub_title, 	books.author, 	books.description, 	books.page, 	books.image_url, 	books.published_date, 	books.content, 	books.industry_important, 	books.work_important, 	books.user_important, 	books.priority, 	books.purchased_flag, 	books.viewed_flag, 	wish_list.memo 	FROM wish_list 	LEFT JOIN books 	ON books.isbn = wish_list.isbn [] []
[2024-11-21T16:30:51.879999+09:00] executeSqlQuery.INFO: SQLクエリの実行が完了しました。 [] []
[2024-11-21T16:32:03.180600+09:00] bookManagementTool run.INFO: データベースに接続します。 [] []
[2024-11-21T16:32:03.182611+09:00] bookManagementTool run.INFO: データベースに接続しました。 [] []
[2024-11-21T16:32:03.183126+09:00] executeSqlQuery.INFO: SQLクエリを実行します。SELECT COUNT(*) AS count FROM books WHERE isbn = '9784798179339' [] []
[2024-11-21T16:32:03.183544+09:00] executeSqlQuery.INFO: SQLクエリの実行が完了しました。 [] []
[2024-11-21T16:32:03.183914+09:00] executeSqlQuery.INFO: SQLクエリを実行します。	SELECT  	books.isbn, 	books.title, 	books.sub_title, 	books.author, 	books.description, 	books.page, 	books.image_url, 	books.published_date, 	books.content, 	books.industry_important, 	books.work_important, 	books.user_important, 	books.priority, 	books.purchased_flag, 	books.viewed_flag, 	wish_list.memo 	FROM wish_list 	LEFT JOIN books 	ON books.isbn = wish_list.isbn [] []
[2024-11-21T16:32:03.184304+09:00] executeSqlQuery.INFO: SQLクエリの実行が完了しました。 [] []
[2024-11-21T16:32:03.184524+09:00] bookManagementTool run.INFO: 処理を終了します。 [] []
[2024-11-21T16:32:34.774390+09:00] index.INFO: データベースに接続します。 [] []
[2024-11-21T16:32:34.776322+09:00] index.INFO: データベースに接続しました。 [] []
[2024-11-21T16:32:34.776996+09:00] executeSqlQuery.INFO: SQLクエリを実行します。SELECT COUNT(*) AS count FROM books WHERE isbn = '9784798179339' [] []
[2024-11-21T16:32:34.777396+09:00] executeSqlQuery.INFO: SQLクエリの実行が完了しました。 [] []
[2024-11-21T16:32:34.777781+09:00] executeSqlQuery.INFO: SQLクエリを実行します。	SELECT  	books.isbn, 	books.title, 	books.sub_title, 	books.author, 	books.description, 	books.page, 	books.image_url, 	books.published_date, 	books.content, 	books.industry_important, 	books.work_important, 	books.user_important, 	books.priority, 	books.purchased_flag, 	books.viewed_flag, 	wish_list.memo 	FROM wish_list 	LEFT JOIN books 	ON books.isbn = wish_list.isbn [] []
[2024-11-21T16:32:34.778171+09:00] executeSqlQuery.INFO: SQLクエリの実行が完了しました。 [] []
[2024-11-21T16:32:34.778451+09:00] index.INFO: 処理を終了します。 [] []
[2024-11-21T16:32:45.153131+09:00] index.php.INFO: データベースに接続します。 [] []
[2024-11-21T16:32:45.155181+09:00] index.php.INFO: データベースに接続しました。 [] []
[2024-11-21T16:32:45.155852+09:00] executeSqlQuery.INFO: SQLクエリを実行します。SELECT COUNT(*) AS count FROM books WHERE isbn = '9784798179339' [] []
[2024-11-21T16:32:45.156241+09:00] executeSqlQuery.INFO: SQLクエリの実行が完了しました。 [] []
[2024-11-21T16:32:45.156669+09:00] executeSqlQuery.INFO: SQLクエリを実行します。	SELECT  	books.isbn, 	books.title, 	books.sub_title, 	books.author, 	books.description, 	books.page, 	books.image_url, 	books.published_date, 	books.content, 	books.industry_important, 	books.work_important, 	books.user_important, 	books.priority, 	books.purchased_flag, 	books.viewed_flag, 	wish_list.memo 	FROM wish_list 	LEFT JOIN books 	ON books.isbn = wish_list.isbn [] []
[2024-11-21T16:32:45.157112+09:00] executeSqlQuery.INFO: SQLクエリの実行が完了しました。 [] []
[2024-11-21T16:32:45.157427+09:00] index.php.INFO: 処理を終了します。 [] []
[2024-11-21T16:37:21.064651+09:00] D:\git\book-management-tool\backend\v1\database\database.php.INFO: データベースに接続します。 [] []
[2024-11-21T16:37:21.066610+09:00] D:\git\book-management-tool\backend\v1\database\database.php.INFO: データベースに接続しました。 [] []
[2024-11-21T16:37:21.067287+09:00] D:\git\book-management-tool\backend\v1\sql\SqlManager.php.INFO: SQLクエリを実行します。SELECT COUNT(*) AS count FROM books WHERE isbn = '9784798179339' [] []
[2024-11-21T16:37:21.067775+09:00] D:\git\book-management-tool\backend\v1\sql\SqlManager.php.INFO: SQLクエリの実行が完了しました。 [] []
[2024-11-21T16:37:21.068070+09:00] D:\git\book-management-tool\backend\v1\sql\SqlManager.php.INFO: SQLクエリを実行します。	SELECT  	books.isbn, 	books.title, 	books.sub_title, 	books.author, 	books.description, 	books.page, 	books.image_url, 	books.published_date, 	books.content, 	books.industry_important, 	books.work_important, 	books.user_important, 	books.priority, 	books.purchased_flag, 	books.viewed_flag, 	wish_list.memo 	FROM wish_list 	LEFT JOIN books 	ON books.isbn = wish_list.isbn [] []
[2024-11-21T16:37:21.068257+09:00] D:\git\book-management-tool\backend\v1\sql\SqlManager.php.INFO: SQLクエリの実行が完了しました。 [] []
[2024-11-21T16:37:21.068482+09:00] D:\git\book-management-tool\backend\v1\index.php.INFO: 処理を終了します。 [] []
[2024-11-21T16:37:49.834773+09:00] DataBase\DataBaseMySQL.INFO: データベースに接続します。 [] []
[2024-11-21T16:37:49.836503+09:00] DataBase\DataBaseMySQL.INFO: データベースに接続しました。 [] []
[2024-11-21T16:37:49.837140+09:00] D:\git\book-management-tool\backend\v1\sql\SqlManager.php.INFO: SQLクエリを実行します。SELECT COUNT(*) AS count FROM books WHERE isbn = '9784798179339' [] []
[2024-11-21T16:37:49.837542+09:00] D:\git\book-management-tool\backend\v1\sql\SqlManager.php.INFO: SQLクエリの実行が完了しました。 [] []
[2024-11-21T16:37:49.837852+09:00] D:\git\book-management-tool\backend\v1\sql\SqlManager.php.INFO: SQLクエリを実行します。	SELECT  	books.isbn, 	books.title, 	books.sub_title, 	books.author, 	books.description, 	books.page, 	books.image_url, 	books.published_date, 	books.content, 	books.industry_important, 	books.work_important, 	books.user_important, 	books.priority, 	books.purchased_flag, 	books.viewed_flag, 	wish_list.memo 	FROM wish_list 	LEFT JOIN books 	ON books.isbn = wish_list.isbn [] []
[2024-11-21T16:37:49.838030+09:00] D:\git\book-management-tool\backend\v1\sql\SqlManager.php.INFO: SQLクエリの実行が完了しました。 [] []
[2024-11-21T16:37:49.838281+09:00] D:\git\book-management-tool\backend\v1\index.php.INFO: 処理を終了します。 [] []
[2024-11-21T16:38:34.741795+09:00] BookManagementTool.INFO: 処理を開始します。 [] []
[2024-11-21T16:38:34.742815+09:00] DataBase\DataBaseMySQL.INFO: データベースに接続します。 [] []
[2024-11-21T16:38:34.744191+09:00] DataBase\DataBaseMySQL.INFO: データベースに接続しました。 [] []
[2024-11-21T16:38:34.745057+09:00] D:\git\book-management-tool\backend\v1\sql\SqlManager.php.INFO: SQLクエリを実行します。SELECT COUNT(*) AS count FROM books WHERE isbn = '9784798179339' [] []
[2024-11-21T16:38:34.745469+09:00] D:\git\book-management-tool\backend\v1\sql\SqlManager.php.INFO: SQLクエリの実行が完了しました。 [] []
[2024-11-21T16:38:34.745823+09:00] D:\git\book-management-tool\backend\v1\sql\SqlManager.php.INFO: SQLクエリを実行します。	SELECT  	books.isbn, 	books.title, 	books.sub_title, 	books.author, 	books.description, 	books.page, 	books.image_url, 	books.published_date, 	books.content, 	books.industry_important, 	books.work_important, 	books.user_important, 	books.priority, 	books.purchased_flag, 	books.viewed_flag, 	wish_list.memo 	FROM wish_list 	LEFT JOIN books 	ON books.isbn = wish_list.isbn [] []
[2024-11-21T16:38:34.746029+09:00] D:\git\book-management-tool\backend\v1\sql\SqlManager.php.INFO: SQLクエリの実行が完了しました。 [] []
[2024-11-21T16:38:34.746245+09:00] BookManagementTool.INFO: 処理を終了します。 [] []
[2024-11-21T16:39:26.164183+09:00] BookManagementTool.INFO: 処理を開始します。 [] []
[2024-11-21T16:39:26.165197+09:00] DataBase\DataBaseMySQL.INFO: データベースに接続します。 [] []
[2024-11-21T16:39:26.166167+09:00] DataBase\DataBaseMySQL.INFO: データベースに接続しました。 [] []
[2024-11-21T16:39:26.166686+09:00] SqlManager\SQLManager.INFO: SQLクエリを実行します。SELECT COUNT(*) AS count FROM books WHERE isbn = '9784798179339' [] []
[2024-11-21T16:39:26.167016+09:00] SqlManager\SQLManager.INFO: SQLクエリの実行が完了しました。 [] []
[2024-11-21T16:39:26.167311+09:00] SqlManager\SQLManager.INFO: SQLクエリを実行します。	SELECT  	books.isbn, 	books.title, 	books.sub_title, 	books.author, 	books.description, 	books.page, 	books.image_url, 	books.published_date, 	books.content, 	books.industry_important, 	books.work_important, 	books.user_important, 	books.priority, 	books.purchased_flag, 	books.viewed_flag, 	wish_list.memo 	FROM wish_list 	LEFT JOIN books 	ON books.isbn = wish_list.isbn [] []
[2024-11-21T16:39:26.167492+09:00] SqlManager\SQLManager.INFO: SQLクエリの実行が完了しました。 [] []
[2024-11-21T16:39:26.167690+09:00] BookManagementTool.INFO: 処理を終了します。 [] []
[2024-11-21T16:44:15.896302+09:00] BookManagementTool.INFO: 処理を開始します。 [] []
[2024-11-21T16:44:15.897448+09:00] DataBase\DataBaseMySQL.INFO: データベースに接続します。 [] []
[2024-11-21T16:44:15.898596+09:00] DataBase\DataBaseMySQL.INFO: データベースに接続しました。 [] []
[2024-11-21T16:44:41.476122+09:00] BookManagementTool.INFO: 処理を開始します。 [] []
[2024-11-21T16:44:41.477626+09:00] DataBase\DataBaseMySQL.INFO: データベースに接続します。 [] []
[2024-11-21T16:44:41.478788+09:00] DataBase\DataBaseMySQL.INFO: データベースに接続しました。 [] []
[2024-11-21T16:44:41.480205+09:00] SqlManager\SQLManager.INFO: SQLクエリを実行します。SELECT COUNT(*) AS count FROM books WHERE isbn = '9784798179339' [] []
[2024-11-21T16:44:41.480695+09:00] SqlManager\SQLManager.INFO: SQLクエリの実行が完了しました。 [] []
[2024-11-21T16:44:41.481042+09:00] SqlManager\SQLManager.INFO: SQLクエリを実行します。	SELECT  	books.isbn, 	books.title, 	books.sub_title, 	books.author, 	books.description, 	books.page, 	books.image_url, 	books.published_date, 	books.content, 	books.industry_important, 	books.work_important, 	books.user_important, 	books.priority, 	books.purchased_flag, 	books.viewed_flag, 	wish_list.memo 	FROM wish_list 	LEFT JOIN books 	ON books.isbn = wish_list.isbn [] []
[2024-11-21T16:44:41.481284+09:00] SqlManager\SQLManager.INFO: SQLクエリの実行が完了しました。 [] []
[2024-11-21T16:44:41.481570+09:00] BookManagementTool.INFO: 処理を終了します。 [] []
[2024-11-21T16:45:07.609219+09:00] BookManagementTool.INFO: 処理を開始します。 [] []
[2024-11-21T16:45:07.610189+09:00] DataBase\DataBaseMySQL.INFO: データベースに接続します。 [] []
[2024-11-21T16:45:07.611168+09:00] DataBase\DataBaseMySQL.INFO: データベースに接続しました。 [] []
[2024-11-21T16:45:07.611241+09:00] httpManager.INFO: リクエストを受け付けました。 [] []
[2024-11-21T16:45:07.611519+09:00] httpManager.INFO: HTTPメソッド：GET [] []
[2024-11-21T16:45:07.611543+09:00] httpManager.INFO: リクエストURI：/v1/wish-list?isbn=9784798179339 [] []
[2024-11-21T16:45:07.611557+09:00] httpManager.INFO: データArray ( )  [] []
[2024-11-21T16:45:07.612141+09:00] SqlManager\SQLManager.INFO: SQLクエリを実行します。SELECT COUNT(*) AS count FROM books WHERE isbn = '9784798179339' [] []
[2024-11-21T16:45:07.612567+09:00] SqlManager\SQLManager.INFO: SQLクエリの実行が完了しました。 [] []
[2024-11-21T16:45:07.612906+09:00] SqlManager\SQLManager.INFO: SQLクエリを実行します。	SELECT  	books.isbn, 	books.title, 	books.sub_title, 	books.author, 	books.description, 	books.page, 	books.image_url, 	books.published_date, 	books.content, 	books.industry_important, 	books.work_important, 	books.user_important, 	books.priority, 	books.purchased_flag, 	books.viewed_flag, 	wish_list.memo 	FROM wish_list 	LEFT JOIN books 	ON books.isbn = wish_list.isbn [] []
[2024-11-21T16:45:07.613109+09:00] SqlManager\SQLManager.INFO: SQLクエリの実行が完了しました。 [] []
[2024-11-21T16:45:07.613349+09:00] BookManagementTool.INFO: 処理を終了します。 [] []
[2024-11-21T16:45:18.825663+09:00] BookManagementTool.INFO: 処理を開始します。 [] []
[2024-11-21T16:45:18.826629+09:00] DataBase\DataBaseMySQL.INFO: データベースに接続します。 [] []
[2024-11-21T16:45:18.827577+09:00] DataBase\DataBaseMySQL.INFO: データベースに接続しました。 [] []
[2024-11-21T16:45:18.827647+09:00] httpManager.INFO: リクエストを受け付けました。 [] []
[2024-11-21T16:45:18.827917+09:00] httpManager.INFO: HTTPメソッド:GET [] []
[2024-11-21T16:45:18.827937+09:00] httpManager.INFO: リクエストURI:/v1/wish-list?isbn=9784798179339 [] []
[2024-11-21T16:45:18.827952+09:00] httpManager.INFO: データArray ( )  [] []
[2024-11-21T16:45:18.828407+09:00] SqlManager\SQLManager.INFO: SQLクエリを実行します。SELECT COUNT(*) AS count FROM books WHERE isbn = '9784798179339' [] []
[2024-11-21T16:45:18.828736+09:00] SqlManager\SQLManager.INFO: SQLクエリの実行が完了しました。 [] []
[2024-11-21T16:45:18.829060+09:00] SqlManager\SQLManager.INFO: SQLクエリを実行します。	SELECT  	books.isbn, 	books.title, 	books.sub_title, 	books.author, 	books.description, 	books.page, 	books.image_url, 	books.published_date, 	books.content, 	books.industry_important, 	books.work_important, 	books.user_important, 	books.priority, 	books.purchased_flag, 	books.viewed_flag, 	wish_list.memo 	FROM wish_list 	LEFT JOIN books 	ON books.isbn = wish_list.isbn [] []
[2024-11-21T16:45:18.829264+09:00] SqlManager\SQLManager.INFO: SQLクエリの実行が完了しました。 [] []
[2024-11-21T16:45:18.829438+09:00] BookManagementTool.INFO: 処理を終了します。 [] []
[2024-11-21T16:45:29.265575+09:00] BookManagementTool.INFO: 処理を開始します。 [] []
[2024-11-21T16:45:29.266534+09:00] DataBase\DataBaseMySQL.INFO: データベースに接続します。 [] []
[2024-11-21T16:45:29.267431+09:00] DataBase\DataBaseMySQL.INFO: データベースに接続しました。 [] []
[2024-11-21T16:45:29.267509+09:00] httpManager.INFO: リクエストを受け付けました。 [] []
[2024-11-21T16:45:29.267720+09:00] httpManager.INFO: HTTPメソッド:GET [] []
[2024-11-21T16:45:29.267742+09:00] httpManager.INFO: リクエストURI:/v1/wish-list?isbn=9784798179339 [] []
[2024-11-21T16:45:29.267756+09:00] httpManager.INFO: データArray ( )  [] []
[2024-11-21T16:45:29.268184+09:00] SqlManager\SQLManager.INFO: SQLクエリを実行します。SELECT COUNT(*) AS count FROM books WHERE isbn = '9784798179339' [] []
[2024-11-21T16:45:29.268502+09:00] SqlManager\SQLManager.INFO: SQLクエリの実行が完了しました。 [] []
[2024-11-21T16:45:29.268800+09:00] SqlManager\SQLManager.INFO: SQLクエリを実行します。	SELECT  	books.isbn, 	books.title, 	books.sub_title, 	books.author, 	books.description, 	books.page, 	books.image_url, 	books.published_date, 	books.content, 	books.industry_important, 	books.work_important, 	books.user_important, 	books.priority, 	books.purchased_flag, 	books.viewed_flag, 	wish_list.memo 	FROM wish_list 	LEFT JOIN books 	ON books.isbn = wish_list.isbn [] []
[2024-11-21T16:45:29.269042+09:00] SqlManager\SQLManager.INFO: SQLクエリの実行が完了しました。 [] []
[2024-11-21T16:45:29.269213+09:00] BookManagementTool.INFO: 処理を終了します。 [] []
[2024-11-21T16:45:30.695719+09:00] BookManagementTool.INFO: 処理を開始します。 [] []
[2024-11-21T16:45:30.696636+09:00] DataBase\DataBaseMySQL.INFO: データベースに接続します。 [] []
[2024-11-21T16:45:30.697537+09:00] DataBase\DataBaseMySQL.INFO: データベースに接続しました。 [] []
[2024-11-21T16:45:30.697605+09:00] httpManager.INFO: リクエストを受け付けました。 [] []
[2024-11-21T16:45:30.697793+09:00] httpManager.INFO: HTTPメソッド:GET [] []
[2024-11-21T16:45:30.697813+09:00] httpManager.INFO: リクエストURI:/v1/wish-list?isbn=9784798179339 [] []
[2024-11-21T16:45:30.697827+09:00] httpManager.INFO: データArray ( )  [] []
[2024-11-21T16:45:30.698350+09:00] SqlManager\SQLManager.INFO: SQLクエリを実行します。SELECT COUNT(*) AS count FROM books WHERE isbn = '9784798179339' [] []
[2024-11-21T16:45:30.698812+09:00] SqlManager\SQLManager.INFO: SQLクエリの実行が完了しました。 [] []
[2024-11-21T16:45:30.699112+09:00] SqlManager\SQLManager.INFO: SQLクエリを実行します。	SELECT  	books.isbn, 	books.title, 	books.sub_title, 	books.author, 	books.description, 	books.page, 	books.image_url, 	books.published_date, 	books.content, 	books.industry_important, 	books.work_important, 	books.user_important, 	books.priority, 	books.purchased_flag, 	books.viewed_flag, 	wish_list.memo 	FROM wish_list 	LEFT JOIN books 	ON books.isbn = wish_list.isbn [] []
[2024-11-21T16:45:30.699367+09:00] SqlManager\SQLManager.INFO: SQLクエリの実行が完了しました。 [] []
[2024-11-21T16:45:30.699578+09:00] BookManagementTool.INFO: 処理を終了します。 [] []
[2024-11-21T16:45:30.907038+09:00] BookManagementTool.INFO: 処理を開始します。 [] []
[2024-11-21T16:45:30.907951+09:00] DataBase\DataBaseMySQL.INFO: データベースに接続します。 [] []
[2024-11-21T16:45:30.908884+09:00] DataBase\DataBaseMySQL.INFO: データベースに接続しました。 [] []
[2024-11-21T16:45:30.908952+09:00] httpManager.INFO: リクエストを受け付けました。 [] []
[2024-11-21T16:45:30.909144+09:00] httpManager.INFO: HTTPメソッド:GET [] []
[2024-11-21T16:45:30.909163+09:00] httpManager.INFO: リクエストURI:/v1/wish-list?isbn=9784798179339 [] []
[2024-11-21T16:45:30.909177+09:00] httpManager.INFO: データArray ( )  [] []
[2024-11-21T16:45:30.909875+09:00] SqlManager\SQLManager.INFO: SQLクエリを実行します。SELECT COUNT(*) AS count FROM books WHERE isbn = '9784798179339' [] []
[2024-11-21T16:45:30.910403+09:00] SqlManager\SQLManager.INFO: SQLクエリの実行が完了しました。 [] []
[2024-11-21T16:45:30.910824+09:00] SqlManager\SQLManager.INFO: SQLクエリを実行します。	SELECT  	books.isbn, 	books.title, 	books.sub_title, 	books.author, 	books.description, 	books.page, 	books.image_url, 	books.published_date, 	books.content, 	books.industry_important, 	books.work_important, 	books.user_important, 	books.priority, 	books.purchased_flag, 	books.viewed_flag, 	wish_list.memo 	FROM wish_list 	LEFT JOIN books 	ON books.isbn = wish_list.isbn [] []
[2024-11-21T16:45:30.911463+09:00] SqlManager\SQLManager.INFO: SQLクエリの実行が完了しました。 [] []
[2024-11-21T16:45:30.911830+09:00] BookManagementTool.INFO: 処理を終了します。 [] []
[2024-11-21T16:45:31.060680+09:00] BookManagementTool.INFO: 処理を開始します。 [] []
[2024-11-21T16:45:31.061763+09:00] DataBase\DataBaseMySQL.INFO: データベースに接続します。 [] []
[2024-11-21T16:45:31.075797+09:00] DataBase\DataBaseMySQL.INFO: データベースに接続しました。 [] []
[2024-11-21T16:45:31.075943+09:00] httpManager.INFO: リクエストを受け付けました。 [] []
[2024-11-21T16:45:31.076270+09:00] httpManager.INFO: HTTPメソッド:GET [] []
[2024-11-21T16:45:31.076316+09:00] httpManager.INFO: リクエストURI:/v1/wish-list?isbn=9784798179339 [] []
[2024-11-21T16:45:31.076340+09:00] httpManager.INFO: データArray ( )  [] []
[2024-11-21T16:45:31.076914+09:00] SqlManager\SQLManager.INFO: SQLクエリを実行します。SELECT COUNT(*) AS count FROM books WHERE isbn = '9784798179339' [] []
[2024-11-21T16:45:31.077451+09:00] SqlManager\SQLManager.INFO: SQLクエリの実行が完了しました。 [] []
[2024-11-21T16:45:31.077856+09:00] SqlManager\SQLManager.INFO: SQLクエリを実行します。	SELECT  	books.isbn, 	books.title, 	books.sub_title, 	books.author, 	books.description, 	books.page, 	books.image_url, 	books.published_date, 	books.content, 	books.industry_important, 	books.work_important, 	books.user_important, 	books.priority, 	books.purchased_flag, 	books.viewed_flag, 	wish_list.memo 	FROM wish_list 	LEFT JOIN books 	ON books.isbn = wish_list.isbn [] []
[2024-11-21T16:45:31.078520+09:00] SqlManager\SQLManager.INFO: SQLクエリの実行が完了しました。 [] []
[2024-11-21T16:45:31.078756+09:00] BookManagementTool.INFO: 処理を終了します。 [] []
[2024-11-21T16:45:31.168143+09:00] BookManagementTool.INFO: 処理を開始します。 [] []
[2024-11-21T16:45:31.169102+09:00] DataBase\DataBaseMySQL.INFO: データベースに接続します。 [] []
[2024-11-21T16:45:31.170136+09:00] DataBase\DataBaseMySQL.INFO: データベースに接続しました。 [] []
[2024-11-21T16:45:31.170210+09:00] httpManager.INFO: リクエストを受け付けました。 [] []
[2024-11-21T16:45:31.170424+09:00] httpManager.INFO: HTTPメソッド:GET [] []
[2024-11-21T16:45:31.170444+09:00] httpManager.INFO: リクエストURI:/v1/wish-list?isbn=9784798179339 [] []
[2024-11-21T16:45:31.170458+09:00] httpManager.INFO: データArray ( )  [] []
[2024-11-21T16:45:31.170884+09:00] SqlManager\SQLManager.INFO: SQLクエリを実行します。SELECT COUNT(*) AS count FROM books WHERE isbn = '9784798179339' [] []
[2024-11-21T16:45:31.171190+09:00] SqlManager\SQLManager.INFO: SQLクエリの実行が完了しました。 [] []
[2024-11-21T16:45:31.171428+09:00] SqlManager\SQLManager.INFO: SQLクエリを実行します。	SELECT  	books.isbn, 	books.title, 	books.sub_title, 	books.author, 	books.description, 	books.page, 	books.image_url, 	books.published_date, 	books.content, 	books.industry_important, 	books.work_important, 	books.user_important, 	books.priority, 	books.purchased_flag, 	books.viewed_flag, 	wish_list.memo 	FROM wish_list 	LEFT JOIN books 	ON books.isbn = wish_list.isbn [] []
[2024-11-21T16:45:31.171596+09:00] SqlManager\SQLManager.INFO: SQLクエリの実行が完了しました。 [] []
[2024-11-21T16:45:31.171754+09:00] BookManagementTool.INFO: 処理を終了します。 [] []
[2024-11-21T16:45:31.317843+09:00] BookManagementTool.INFO: 処理を開始します。 [] []
[2024-11-21T16:45:31.318818+09:00] DataBase\DataBaseMySQL.INFO: データベースに接続します。 [] []
[2024-11-21T16:45:31.319782+09:00] DataBase\DataBaseMySQL.INFO: データベースに接続しました。 [] []
[2024-11-21T16:45:31.319855+09:00] httpManager.INFO: リクエストを受け付けました。 [] []
[2024-11-21T16:45:31.320056+09:00] httpManager.INFO: HTTPメソッド:GET [] []
[2024-11-21T16:45:31.320076+09:00] httpManager.INFO: リクエストURI:/v1/wish-list?isbn=9784798179339 [] []
[2024-11-21T16:45:31.320090+09:00] httpManager.INFO: データArray ( )  [] []
[2024-11-21T16:45:31.320502+09:00] SqlManager\SQLManager.INFO: SQLクエリを実行します。SELECT COUNT(*) AS count FROM books WHERE isbn = '9784798179339' [] []
[2024-11-21T16:45:31.320805+09:00] SqlManager\SQLManager.INFO: SQLクエリの実行が完了しました。 [] []
[2024-11-21T16:45:31.321040+09:00] SqlManager\SQLManager.INFO: SQLクエリを実行します。	SELECT  	books.isbn, 	books.title, 	books.sub_title, 	books.author, 	books.description, 	books.page, 	books.image_url, 	books.published_date, 	books.content, 	books.industry_important, 	books.work_important, 	books.user_important, 	books.priority, 	books.purchased_flag, 	books.viewed_flag, 	wish_list.memo 	FROM wish_list 	LEFT JOIN books 	ON books.isbn = wish_list.isbn [] []
[2024-11-21T16:45:31.321238+09:00] SqlManager\SQLManager.INFO: SQLクエリの実行が完了しました。 [] []
[2024-11-21T16:45:31.321388+09:00] BookManagementTool.INFO: 処理を終了します。 [] []
[2024-11-21T16:45:31.429576+09:00] BookManagementTool.INFO: 処理を開始します。 [] []
[2024-11-21T16:45:31.430639+09:00] DataBase\DataBaseMySQL.INFO: データベースに接続します。 [] []
[2024-11-21T16:45:31.431662+09:00] DataBase\DataBaseMySQL.INFO: データベースに接続しました。 [] []
[2024-11-21T16:45:31.431737+09:00] httpManager.INFO: リクエストを受け付けました。 [] []
[2024-11-21T16:45:31.431944+09:00] httpManager.INFO: HTTPメソッド:GET [] []
[2024-11-21T16:45:31.431964+09:00] httpManager.INFO: リクエストURI:/v1/wish-list?isbn=9784798179339 [] []
[2024-11-21T16:45:31.431978+09:00] httpManager.INFO: データArray ( )  [] []
[2024-11-21T16:45:31.432418+09:00] SqlManager\SQLManager.INFO: SQLクエリを実行します。SELECT COUNT(*) AS count FROM books WHERE isbn = '9784798179339' [] []
[2024-11-21T16:45:31.432729+09:00] SqlManager\SQLManager.INFO: SQLクエリの実行が完了しました。 [] []
[2024-11-21T16:45:31.432976+09:00] SqlManager\SQLManager.INFO: SQLクエリを実行します。	SELECT  	books.isbn, 	books.title, 	books.sub_title, 	books.author, 	books.description, 	books.page, 	books.image_url, 	books.published_date, 	books.content, 	books.industry_important, 	books.work_important, 	books.user_important, 	books.priority, 	books.purchased_flag, 	books.viewed_flag, 	wish_list.memo 	FROM wish_list 	LEFT JOIN books 	ON books.isbn = wish_list.isbn [] []
[2024-11-21T16:45:31.433152+09:00] SqlManager\SQLManager.INFO: SQLクエリの実行が完了しました。 [] []
[2024-11-21T16:45:31.433308+09:00] BookManagementTool.INFO: 処理を終了します。 [] []
[2024-11-21T16:45:59.961381+09:00] BookManagementTool.INFO: 処理を開始します。 [] []
[2024-11-21T16:45:59.962359+09:00] DataBase\DataBaseMySQL.INFO: データベースに接続します。 [] []
[2024-11-21T16:45:59.963333+09:00] DataBase\DataBaseMySQL.INFO: データベースに接続しました。 [] []
[2024-11-21T16:45:59.963438+09:00] httpManager.INFO: リクエストを受け付けました。 [] []
[2024-11-21T16:45:59.963644+09:00] httpManager.INFO: HTTPメソッド:GET [] []
[2024-11-21T16:45:59.963664+09:00] httpManager.INFO: リクエストURI:/v1/wish-list?isbn=9784798179339 [] []
[2024-11-21T16:45:59.963866+09:00] httpManager.INFO: データArray [] []
[2024-11-21T16:45:59.964296+09:00] SqlManager\SQLManager.INFO: SQLクエリを実行します。SELECT COUNT(*) AS count FROM books WHERE isbn = '9784798179339' [] []
[2024-11-21T16:45:59.964616+09:00] SqlManager\SQLManager.INFO: SQLクエリの実行が完了しました。 [] []
[2024-11-21T16:45:59.964879+09:00] SqlManager\SQLManager.INFO: SQLクエリを実行します。	SELECT  	books.isbn, 	books.title, 	books.sub_title, 	books.author, 	books.description, 	books.page, 	books.image_url, 	books.published_date, 	books.content, 	books.industry_important, 	books.work_important, 	books.user_important, 	books.priority, 	books.purchased_flag, 	books.viewed_flag, 	wish_list.memo 	FROM wish_list 	LEFT JOIN books 	ON books.isbn = wish_list.isbn [] []
[2024-11-21T16:45:59.965062+09:00] SqlManager\SQLManager.INFO: SQLクエリの実行が完了しました。 [] []
[2024-11-21T16:45:59.965225+09:00] BookManagementTool.INFO: 処理を終了します。 [] []
[2024-11-21T16:47:54.746382+09:00] BookManagementTool.INFO: 処理を開始します。 [] []
[2024-11-21T16:47:54.747527+09:00] DataBase\DataBaseMySQL.INFO: データベースに接続します。 [] []
[2024-11-21T16:47:54.748659+09:00] DataBase\DataBaseMySQL.INFO: データベースに接続しました。 [] []
[2024-11-21T16:47:54.748733+09:00] httpManager.INFO: リクエストを受け付けました。 [] []
[2024-11-21T16:47:54.749009+09:00] httpManager.INFO: HTTPメソッド:GET [] []
[2024-11-21T16:47:54.749030+09:00] httpManager.INFO: リクエストURI:/v1/wish-list?isbn=9784798179339 [] []
[2024-11-21T16:47:54.749280+09:00] httpManager.INFO: データArray [] []
[2024-11-21T16:47:54.749850+09:00] SqlManager\SQLManager.INFO: SQLクエリを実行します。SELECT COUNT(*) AS count FROM books WHERE isbn = '9784798179339' [] []
[2024-11-21T16:47:54.750221+09:00] SqlManager\SQLManager.INFO: SQLクエリの実行が完了しました。 [] []
[2024-11-21T16:47:54.750498+09:00] SqlManager\SQLManager.INFO: SQLクエリを実行します。	SELECT  	books.isbn, 	books.title, 	books.sub_title, 	books.author, 	books.description, 	books.page, 	books.image_url, 	books.published_date, 	books.content, 	books.industry_important, 	books.work_important, 	books.user_important, 	books.priority, 	books.purchased_flag, 	books.viewed_flag, 	wish_list.memo 	FROM wish_list 	LEFT JOIN books 	ON books.isbn = wish_list.isbn [] []
[2024-11-21T16:47:54.750676+09:00] SqlManager\SQLManager.INFO: SQLクエリの実行が完了しました。 [] []
[2024-11-21T16:47:54.750900+09:00] BookManagementTool.INFO: 処理を終了します。 [] []
[2024-11-21T16:48:37.832574+09:00] BookManagementTool.INFO: 処理を開始します。 [] []
[2024-11-21T16:48:37.833740+09:00] DataBase\DataBaseMySQL.INFO: データベースに接続します。 [] []
[2024-11-21T16:48:37.834970+09:00] DataBase\DataBaseMySQL.INFO: データベースに接続しました。 [] []
[2024-11-21T16:48:37.835045+09:00] httpManager.INFO: リクエストを受け付けました。 [] []
[2024-11-21T16:48:37.835314+09:00] httpManager.INFO: HTTPメソッド:GET [] []
[2024-11-21T16:48:37.835334+09:00] httpManager.INFO: リクエストURI:/v1/wish-list?isbn=9784798179339 [] []
[2024-11-21T16:48:37.835605+09:00] httpManager.INFO: データArray [] []
[2024-11-21T16:48:37.836169+09:00] SqlManager\SQLManager.INFO: SQLクエリを実行します。SELECT COUNT(*) AS count FROM books WHERE isbn = '9784798179339' [] []
[2024-11-21T16:48:37.836582+09:00] SqlManager\SQLManager.INFO: SQLクエリの実行が完了しました。 [] []
[2024-11-21T16:48:37.836868+09:00] SqlManager\SQLManager.INFO: SQLクエリを実行します。	SELECT  	books.isbn, 	books.title, 	books.sub_title, 	books.author, 	books.description, 	books.page, 	books.image_url, 	books.published_date, 	books.content, 	books.industry_important, 	books.work_important, 	books.user_important, 	books.priority, 	books.purchased_flag, 	books.viewed_flag, 	wish_list.memo 	FROM wish_list 	LEFT JOIN books 	ON books.isbn = wish_list.isbn [] []
[2024-11-21T16:48:37.837059+09:00] SqlManager\SQLManager.INFO: SQLクエリの実行が完了しました。 [] []
[2024-11-21T16:48:37.837277+09:00] BookManagementTool.INFO: 処理を終了します。 [] []
[2024-11-21T16:49:01.598521+09:00] BookManagementTool.INFO: 処理を開始します。 [] []
[2024-11-21T16:49:01.599470+09:00] DataBase\DataBaseMySQL.INFO: データベースに接続します。 [] []
[2024-11-21T16:49:01.600431+09:00] DataBase\DataBaseMySQL.INFO: データベースに接続しました。 [] []
[2024-11-21T16:49:01.600508+09:00] httpManager.INFO: リクエストを受け付けました。 [] []
[2024-11-21T16:49:01.600720+09:00] httpManager.INFO: HTTPメソッド:GET [] []
[2024-11-21T16:49:01.600740+09:00] httpManager.INFO: リクエストURI:/v1/wish-list?isbn=9784798179339 [] []
[2024-11-21T16:49:01.601189+09:00] SqlManager\SQLManager.INFO: SQLクエリを実行します。SELECT COUNT(*) AS count FROM books WHERE isbn = '9784798179339' [] []
[2024-11-21T16:49:01.601507+09:00] SqlManager\SQLManager.INFO: SQLクエリの実行が完了しました。 [] []
[2024-11-21T16:49:01.601750+09:00] SqlManager\SQLManager.INFO: SQLクエリを実行します。	SELECT  	books.isbn, 	books.title, 	books.sub_title, 	books.author, 	books.description, 	books.page, 	books.image_url, 	books.published_date, 	books.content, 	books.industry_important, 	books.work_important, 	books.user_important, 	books.priority, 	books.purchased_flag, 	books.viewed_flag, 	wish_list.memo 	FROM wish_list 	LEFT JOIN books 	ON books.isbn = wish_list.isbn [] []
[2024-11-21T16:49:01.601965+09:00] SqlManager\SQLManager.INFO: SQLクエリの実行が完了しました。 [] []
[2024-11-21T16:49:01.602136+09:00] BookManagementTool.INFO: 処理を終了します。 [] []
[2024-11-21T16:49:36.237796+09:00] BookManagementTool.INFO: 処理を開始します。 [] []
[2024-11-21T16:49:36.239252+09:00] DataBase\DataBaseMySQL.INFO: データベースに接続します。 [] []
[2024-11-21T16:49:36.240470+09:00] DataBase\DataBaseMySQL.INFO: データベースに接続しました。 [] []
[2024-11-21T16:49:36.240559+09:00] httpManager.INFO: リクエストを受け付けました。 [] []
[2024-11-21T16:49:36.240786+09:00] httpManager.INFO: HTTPメソッド:GET [] []
[2024-11-21T16:49:36.240808+09:00] httpManager.INFO: リクエストURI:/v1/wish-list?isbn=9784798179339 [] []
[2024-11-21T16:49:36.241300+09:00] SqlManager\SQLManager.INFO: SQLクエリを実行します。SELECT COUNT(*) AS count FROM books WHERE isbn = '9784798179339' [] []
[2024-11-21T16:49:36.241647+09:00] SqlManager\SQLManager.INFO: SQLクエリの実行が完了しました。 [] []
[2024-11-21T16:49:36.241903+09:00] SqlManager\SQLManager.INFO: SQLクエリを実行します。	SELECT  	books.isbn, 	books.title, 	books.sub_title, 	books.author, 	books.description, 	books.page, 	books.image_url, 	books.published_date, 	books.content, 	books.industry_important, 	books.work_important, 	books.user_important, 	books.priority, 	books.purchased_flag, 	books.viewed_flag, 	wish_list.memo 	FROM wish_list 	LEFT JOIN books 	ON books.isbn = wish_list.isbn [] []
[2024-11-21T16:49:36.242089+09:00] SqlManager\SQLManager.INFO: SQLクエリの実行が完了しました。 [] []
[2024-11-21T16:49:36.242259+09:00] BookManagementTool.INFO: 処理を終了します。 [] []
[2024-11-21T16:49:43.035353+09:00] BookManagementTool.INFO: 処理を開始します。 [] []
[2024-11-21T16:49:43.036375+09:00] DataBase\DataBaseMySQL.INFO: データベースに接続します。 [] []
[2024-11-21T16:49:43.061553+09:00] DataBase\DataBaseMySQL.INFO: データベースに接続しました。 [] []
[2024-11-21T16:49:43.061667+09:00] httpManager.INFO: リクエストを受け付けました。 [] []
[2024-11-21T16:49:43.062023+09:00] httpManager.INFO: HTTPメソッド:GET [] []
[2024-11-21T16:49:43.062055+09:00] httpManager.INFO: リクエストURI:/v1/wish-list?isbn=9784798179339 [] []
[2024-11-21T16:49:43.062681+09:00] SqlManager\SQLManager.INFO: SQLクエリを実行します。SELECT COUNT(*) AS count FROM books WHERE isbn = '9784798179339' [] []
[2024-11-21T16:49:43.063107+09:00] SqlManager\SQLManager.INFO: SQLクエリの実行が完了しました。 [] []
[2024-11-21T16:49:43.063456+09:00] SqlManager\SQLManager.INFO: SQLクエリを実行します。	SELECT  	books.isbn, 	books.title, 	books.sub_title, 	books.author, 	books.description, 	books.page, 	books.image_url, 	books.published_date, 	books.content, 	books.industry_important, 	books.work_important, 	books.user_important, 	books.priority, 	books.purchased_flag, 	books.viewed_flag, 	wish_list.memo 	FROM wish_list 	LEFT JOIN books 	ON books.isbn = wish_list.isbn [] []
[2024-11-21T16:49:43.063663+09:00] SqlManager\SQLManager.INFO: SQLクエリの実行が完了しました。 [] []
[2024-11-21T16:49:43.063839+09:00] BookManagementTool.INFO: 処理を終了します。 [] []
[2024-11-21T16:49:51.414041+09:00] BookManagementTool.INFO: 処理を開始します。 [] []
[2024-11-21T16:49:51.414997+09:00] DataBase\DataBaseMySQL.INFO: データベースに接続します。 [] []
[2024-11-21T16:49:51.434407+09:00] DataBase\DataBaseMySQL.INFO: データベースに接続しました。 [] []
[2024-11-21T16:49:51.434513+09:00] httpManager.INFO: リクエストを受け付けました。 [] []
[2024-11-21T16:49:51.434789+09:00] httpManager.INFO: HTTPメソッド:GET [] []
[2024-11-21T16:49:51.434814+09:00] httpManager.INFO: リクエストURI:/v1/wish-list?isbn=9784798179339 [] []
[2024-11-21T16:49:51.435323+09:00] SqlManager\SQLManager.INFO: SQLクエリを実行します。SELECT COUNT(*) AS count FROM books WHERE isbn = '9784798179339' [] []
[2024-11-21T16:49:51.435672+09:00] SqlManager\SQLManager.INFO: SQLクエリの実行が完了しました。 [] []
[2024-11-21T16:49:51.435929+09:00] SqlManager\SQLManager.INFO: SQLクエリを実行します。	SELECT  	books.isbn, 	books.title, 	books.sub_title, 	books.author, 	books.description, 	books.page, 	books.image_url, 	books.published_date, 	books.content, 	books.industry_important, 	books.work_important, 	books.user_important, 	books.priority, 	books.purchased_flag, 	books.viewed_flag, 	wish_list.memo 	FROM wish_list 	LEFT JOIN books 	ON books.isbn = wish_list.isbn [] []
[2024-11-21T16:49:51.436120+09:00] SqlManager\SQLManager.INFO: SQLクエリの実行が完了しました。 [] []
[2024-11-21T16:49:51.436292+09:00] BookManagementTool.INFO: 処理を終了します。 [] []
[2024-11-21T16:50:46.290093+09:00] BookManagementTool.INFO: 処理を開始します。 [] []
[2024-11-21T16:50:46.291472+09:00] DataBase\DataBaseMySQL.INFO: データベースに接続します。 [] []
[2024-11-21T16:50:46.292978+09:00] DataBase\DataBaseMySQL.INFO: データベースに接続しました。 [] []
[2024-11-21T16:50:46.293106+09:00] httpManager.INFO: リクエストを受け付けました。 [] []
[2024-11-21T16:50:46.293509+09:00] httpManager.INFO: HTTPメソッド:GET [] []
[2024-11-21T16:50:46.293532+09:00] httpManager.INFO: リクエストURI:/v1/wish-list?isbn=9784798179339 [] []
[2024-11-21T16:50:46.294318+09:00] SqlManager\SQLManager.INFO: SQLクエリを実行します。SELECT COUNT(*) AS count FROM books WHERE isbn = '9784798179339' [] []
[2024-11-21T16:50:46.294741+09:00] SqlManager\SQLManager.INFO: SQLクエリの実行が完了しました。 [] []
[2024-11-21T16:50:46.295089+09:00] SqlManager\SQLManager.INFO: SQLクエリを実行します。	SELECT  	books.isbn, 	books.title, 	books.sub_title, 	books.author, 	books.description, 	books.page, 	books.image_url, 	books.published_date, 	books.content, 	books.industry_important, 	books.work_important, 	books.user_important, 	books.priority, 	books.purchased_flag, 	books.viewed_flag, 	wish_list.memo 	FROM wish_list 	LEFT JOIN books 	ON books.isbn = wish_list.isbn [] []
[2024-11-21T16:50:46.295275+09:00] SqlManager\SQLManager.INFO: SQLクエリの実行が完了しました。 [] []
[2024-11-21T16:50:46.295512+09:00] BookManagementTool.INFO: 処理を終了します。 [] []
[2024-11-21T16:50:47.156648+09:00] BookManagementTool.INFO: 処理を開始します。 [] []
[2024-11-21T16:50:47.157717+09:00] DataBase\DataBaseMySQL.INFO: データベースに接続します。 [] []
[2024-11-21T16:50:47.158677+09:00] DataBase\DataBaseMySQL.INFO: データベースに接続しました。 [] []
[2024-11-21T16:50:47.158745+09:00] httpManager.INFO: リクエストを受け付けました。 [] []
[2024-11-21T16:50:47.158948+09:00] httpManager.INFO: HTTPメソッド:GET [] []
[2024-11-21T16:50:47.158967+09:00] httpManager.INFO: リクエストURI:/v1/wish-list?isbn=9784798179339 [] []
[2024-11-21T16:50:47.159585+09:00] SqlManager\SQLManager.INFO: SQLクエリを実行します。SELECT COUNT(*) AS count FROM books WHERE isbn = '9784798179339' [] []
[2024-11-21T16:50:47.159994+09:00] SqlManager\SQLManager.INFO: SQLクエリの実行が完了しました。 [] []
[2024-11-21T16:50:47.160301+09:00] SqlManager\SQLManager.INFO: SQLクエリを実行します。	SELECT  	books.isbn, 	books.title, 	books.sub_title, 	books.author, 	books.description, 	books.page, 	books.image_url, 	books.published_date, 	books.content, 	books.industry_important, 	books.work_important, 	books.user_important, 	books.priority, 	books.purchased_flag, 	books.viewed_flag, 	wish_list.memo 	FROM wish_list 	LEFT JOIN books 	ON books.isbn = wish_list.isbn [] []
[2024-11-21T16:50:47.160553+09:00] SqlManager\SQLManager.INFO: SQLクエリの実行が完了しました。 [] []
[2024-11-21T16:50:47.160772+09:00] BookManagementTool.INFO: 処理を終了します。 [] []
[2024-11-21T16:51:16.006706+09:00] BookManagementTool.INFO: 処理を開始します。 [] []
[2024-11-21T16:51:16.008091+09:00] DataBase\DataBaseMySQL.INFO: データベースに接続します。 [] []
[2024-11-21T16:51:16.009141+09:00] DataBase\DataBaseMySQL.INFO: データベースに接続しました。 [] []
[2024-11-21T16:51:16.009222+09:00] httpManager.INFO: リクエストを受け付けました。 [] []
[2024-11-21T16:51:16.009503+09:00] httpManager.INFO: HTTPメソッド:GET [] []
[2024-11-21T16:51:16.009525+09:00] httpManager.INFO: リクエストURI:/v1/wish-list?isbn=9784798179339 [] []
[2024-11-21T16:51:16.009540+09:00] httpManager.INFO: データ1 [] []
[2024-11-21T16:51:16.010134+09:00] SqlManager\SQLManager.INFO: SQLクエリを実行します。SELECT COUNT(*) AS count FROM books WHERE isbn = '9784798179339' [] []
[2024-11-21T16:51:16.010510+09:00] SqlManager\SQLManager.INFO: SQLクエリの実行が完了しました。 [] []
[2024-11-21T16:51:16.010800+09:00] SqlManager\SQLManager.INFO: SQLクエリを実行します。	SELECT  	books.isbn, 	books.title, 	books.sub_title, 	books.author, 	books.description, 	books.page, 	books.image_url, 	books.published_date, 	books.content, 	books.industry_important, 	books.work_important, 	books.user_important, 	books.priority, 	books.purchased_flag, 	books.viewed_flag, 	wish_list.memo 	FROM wish_list 	LEFT JOIN books 	ON books.isbn = wish_list.isbn [] []
[2024-11-21T16:51:16.011077+09:00] SqlManager\SQLManager.INFO: SQLクエリの実行が完了しました。 [] []
[2024-11-21T16:51:16.011298+09:00] BookManagementTool.INFO: 処理を終了します。 [] []
[2024-11-21T16:51:50.007203+09:00] BookManagementTool.INFO: 処理を開始します。 [] []
[2024-11-21T16:51:50.008490+09:00] DataBase\DataBaseMySQL.INFO: データベースに接続します。 [] []
[2024-11-21T16:51:50.012434+09:00] DataBase\DataBaseMySQL.INFO: データベースに接続しました。 [] []
[2024-11-21T16:51:50.012522+09:00] httpManager.INFO: リクエストを受け付けました。 [] []
[2024-11-21T16:51:50.012783+09:00] httpManager.INFO: HTTPメソッド:POST [] []
[2024-11-21T16:51:50.012804+09:00] httpManager.INFO: リクエストURI:/v1/wish-list?isbn=9784814400331 [] []
[2024-11-21T16:51:50.012818+09:00] httpManager.INFO: データ1 [] []
[2024-11-21T16:51:50.013512+09:00] SqlManager\SQLManager.INFO: SQLクエリを実行します。SELECT COUNT(*) AS count FROM books WHERE isbn = '9784814400331' [] []
[2024-11-21T16:51:50.013940+09:00] SqlManager\SQLManager.INFO: SQLクエリの実行が完了しました。 [] []
[2024-11-21T16:51:50.014276+09:00] SqlManager\SQLManager.INFO: SQLクエリを実行します。SELECT COUNT(*) AS count FROM wish_list WHERE isbn = '9784814400331' [] []
[2024-11-21T16:51:50.014415+09:00] SqlManager\SQLManager.INFO: SQLクエリの実行が完了しました。 [] []
[2024-11-21T16:51:50.014713+09:00] SqlManager\SQLManager.INFO: SQLクエリを実行します。INSERT INTO wish_list (isbn, memo) VALUES ('9784814400331','0')  [] []
[2024-11-21T16:51:50.015539+09:00] SqlManager\SQLManager.INFO: SQLクエリの実行が完了しました。 [] []
[2024-11-21T16:51:50.015879+09:00] SqlManager\SQLManager.INFO: SQLクエリを実行します。UPDATE books,wish_list SET books.industry_important = '0', books.work_important = '0', books.user_important = '0', books.priority = '0', wish_list.memo = '0' WHERE books.isbn = '9784814400331' [] []
[2024-11-21T16:51:50.022151+09:00] SqlManager\SQLManager.INFO: SQLクエリの実行が完了しました。 [] []
[2024-11-21T16:51:50.022275+09:00] BookManagementTool.INFO: 処理を終了します。 [] []
[2024-11-21T16:52:05.085650+09:00] BookManagementTool.INFO: 処理を開始します。 [] []
[2024-11-21T16:52:05.086698+09:00] DataBase\DataBaseMySQL.INFO: データベースに接続します。 [] []
[2024-11-21T16:52:05.088765+09:00] DataBase\DataBaseMySQL.INFO: データベースに接続しました。 [] []
[2024-11-21T16:52:05.088847+09:00] httpManager.INFO: リクエストを受け付けました。 [] []
[2024-11-21T16:52:05.089149+09:00] httpManager.INFO: HTTPメソッド:POST [] []
[2024-11-21T16:52:05.089173+09:00] httpManager.INFO: リクエストURI:/v1/wish-list?isbn=9784814400331 [] []
[2024-11-21T16:52:05.089203+09:00] httpManager.INFO: データ1 [] []
[2024-11-21T16:52:05.089793+09:00] SqlManager\SQLManager.INFO: SQLクエリを実行します。SELECT COUNT(*) AS count FROM books WHERE isbn = '9784814400331' [] []
[2024-11-21T16:52:05.090230+09:00] SqlManager\SQLManager.INFO: SQLクエリの実行が完了しました。 [] []
[2024-11-21T16:52:05.090574+09:00] SqlManager\SQLManager.INFO: SQLクエリを実行します。SELECT COUNT(*) AS count FROM wish_list WHERE isbn = '9784814400331' [] []
[2024-11-21T16:52:05.090768+09:00] SqlManager\SQLManager.INFO: SQLクエリの実行が完了しました。 [] []
[2024-11-21T16:52:05.091132+09:00] SqlManager\SQLManager.INFO: SQLクエリを実行します。INSERT INTO wish_list (isbn, memo) VALUES ('9784814400331','0')  [] []
[2024-11-21T16:52:05.092020+09:00] SqlManager\SQLManager.INFO: SQLクエリの実行が完了しました。 [] []
[2024-11-21T16:52:05.092348+09:00] SqlManager\SQLManager.INFO: SQLクエリを実行します。UPDATE books,wish_list SET books.industry_important = '0', books.work_important = '0', books.user_important = '0', books.priority = '0', wish_list.memo = '0' WHERE books.isbn = '9784814400331' [] []
[2024-11-21T16:52:05.098084+09:00] SqlManager\SQLManager.INFO: SQLクエリの実行が完了しました。 [] []
[2024-11-21T16:52:05.098143+09:00] BookManagementTool.INFO: 処理を終了します。 [] []
[2024-11-21T16:54:47.978999+09:00] BookManagementTool.INFO: 処理を開始します。 [] []
[2024-11-21T16:54:47.980197+09:00] DataBase\DataBaseMySQL.INFO: データベースに接続します。 [] []
[2024-11-21T16:54:47.981278+09:00] DataBase\DataBaseMySQL.INFO: データベースに接続しました。 [] []
[2024-11-21T16:54:47.981354+09:00] httpManager.INFO: リクエストを受け付けました。 [] []
[2024-11-21T16:54:47.981633+09:00] httpManager.INFO: HTTPメソッド:GET [] []
[2024-11-21T16:54:47.981655+09:00] httpManager.INFO: リクエストURI:/v1/wish-list [] []
[2024-11-21T16:54:47.981669+09:00] httpManager.INFO: データ1 [] []
[2024-11-21T16:54:47.982255+09:00] SqlManager\SQLManager.INFO: SQLクエリを実行します。SELECT COUNT(*) AS count FROM books WHERE isbn = '0000000000000' [] []
[2024-11-21T16:54:47.982631+09:00] SqlManager\SQLManager.INFO: SQLクエリの実行が完了しました。 [] []
[2024-11-21T16:54:47.982994+09:00] SqlManager\SQLManager.INFO: SQLクエリを実行します。	SELECT  	books.isbn, 	books.title, 	books.sub_title, 	books.author, 	books.description, 	books.page, 	books.image_url, 	books.published_date, 	books.content, 	books.industry_important, 	books.work_important, 	books.user_important, 	books.priority, 	books.purchased_flag, 	books.viewed_flag, 	wish_list.memo 	FROM wish_list 	LEFT JOIN books 	ON books.isbn = wish_list.isbn [] []
[2024-11-21T16:54:47.983198+09:00] SqlManager\SQLManager.INFO: SQLクエリの実行が完了しました。 [] []
[2024-11-21T16:54:47.983456+09:00] BookManagementTool.INFO: 処理を終了します。 [] []
[2024-11-21T16:54:51.709828+09:00] BookManagementTool.INFO: 処理を開始します。 [] []
[2024-11-21T16:54:51.710994+09:00] DataBase\DataBaseMySQL.INFO: データベースに接続します。 [] []
[2024-11-21T16:54:51.712030+09:00] DataBase\DataBaseMySQL.INFO: データベースに接続しました。 [] []
[2024-11-21T16:54:51.712109+09:00] httpManager.INFO: リクエストを受け付けました。 [] []
[2024-11-21T16:54:51.712380+09:00] httpManager.INFO: HTTPメソッド:GET [] []
[2024-11-21T16:54:51.712399+09:00] httpManager.INFO: リクエストURI:/v1/book-shelf [] []
[2024-11-21T16:54:51.712442+09:00] httpManager.INFO: データ1 [] []
[2024-11-21T16:54:51.713014+09:00] SqlManager\SQLManager.INFO: SQLクエリを実行します。SELECT COUNT(*) AS count FROM books WHERE isbn = '0000000000000' [] []
[2024-11-21T16:54:51.713434+09:00] SqlManager\SQLManager.INFO: SQLクエリの実行が完了しました。 [] []
[2024-11-21T16:54:51.713801+09:00] SqlManager\SQLManager.INFO: SQLクエリを実行します。SELECT books.isbn,books.title,books.sub_title,books.author,books.description,books.page,books.image_url,books.published_date,books.content,books.industry_important,books.work_important,books.user_important,books.priority,books.purchased_flag,books.viewed_flag FROM books_shelf LEFT JOIN books ON books.isbn = books_shelf.isbn [] []
[2024-11-21T16:54:51.714007+09:00] SqlManager\SQLManager.INFO: SQLクエリの実行が完了しました。 [] []
[2024-11-21T16:54:51.714277+09:00] BookManagementTool.INFO: 処理を終了します。 [] []
[2024-11-21T16:55:09.883782+09:00] BookManagementTool.INFO: 処理を開始します。 [] []
[2024-11-21T16:55:09.884660+09:00] DataBase\DataBaseMySQL.INFO: データベースに接続します。 [] []
[2024-11-21T16:55:09.885743+09:00] DataBase\DataBaseMySQL.INFO: データベースに接続しました。 [] []
[2024-11-21T16:55:09.885816+09:00] httpManager.INFO: リクエストを受け付けました。 [] []
[2024-11-21T16:55:09.886048+09:00] httpManager.INFO: HTTPメソッド:GET [] []
[2024-11-21T16:55:09.886069+09:00] httpManager.INFO: リクエストURI:/v1/wish-list [] []
[2024-11-21T16:55:09.886084+09:00] httpManager.INFO: データ1 [] []
[2024-11-21T16:55:09.886566+09:00] SqlManager\SQLManager.INFO: SQLクエリを実行します。SELECT COUNT(*) AS count FROM books WHERE isbn = '0000000000000' [] []
[2024-11-21T16:55:09.886930+09:00] SqlManager\SQLManager.INFO: SQLクエリの実行が完了しました。 [] []
[2024-11-21T16:55:09.887293+09:00] SqlManager\SQLManager.INFO: SQLクエリを実行します。	SELECT  	books.isbn, 	books.title, 	books.sub_title, 	books.author, 	books.description, 	books.page, 	books.image_url, 	books.published_date, 	books.content, 	books.industry_important, 	books.work_important, 	books.user_important, 	books.priority, 	books.purchased_flag, 	books.viewed_flag, 	wish_list.memo 	FROM wish_list 	LEFT JOIN books 	ON books.isbn = wish_list.isbn [] []
[2024-11-21T16:55:09.887562+09:00] SqlManager\SQLManager.INFO: SQLクエリの実行が完了しました。 [] []
[2024-11-21T16:55:09.887770+09:00] BookManagementTool.INFO: 処理を終了します。 [] []
[2024-11-21T16:55:30.442765+09:00] BookManagementTool.INFO: 処理を開始します。 [] []
[2024-11-21T16:55:30.444005+09:00] DataBase\DataBaseMySQL.INFO: データベースに接続します。 [] []
[2024-11-21T16:55:30.445254+09:00] DataBase\DataBaseMySQL.INFO: データベースに接続しました。 [] []
[2024-11-21T16:55:30.445363+09:00] httpManager.INFO: リクエストを受け付けました。 [] []
[2024-11-21T16:55:30.445585+09:00] httpManager.INFO: HTTPメソッド:GET [] []
[2024-11-21T16:55:30.445604+09:00] httpManager.INFO: リクエストURI:/v1/book-shelf [] []
[2024-11-21T16:55:30.445618+09:00] httpManager.INFO: データ1 [] []
[2024-11-21T16:55:30.446084+09:00] SqlManager\SQLManager.INFO: SQLクエリを実行します。SELECT COUNT(*) AS count FROM books WHERE isbn = '0000000000000' [] []
[2024-11-21T16:55:30.446467+09:00] SqlManager\SQLManager.INFO: SQLクエリの実行が完了しました。 [] []
[2024-11-21T16:55:30.446750+09:00] SqlManager\SQLManager.INFO: SQLクエリを実行します。SELECT books.isbn,books.title,books.sub_title,books.author,books.description,books.page,books.image_url,books.published_date,books.content,books.industry_important,books.work_important,books.user_important,books.priority,books.purchased_flag,books.viewed_flag FROM books_shelf LEFT JOIN books ON books.isbn = books_shelf.isbn [] []
[2024-11-21T16:55:30.446977+09:00] SqlManager\SQLManager.INFO: SQLクエリの実行が完了しました。 [] []
[2024-11-21T16:55:30.447212+09:00] BookManagementTool.INFO: 処理を終了します。 [] []
[2024-11-21T16:55:44.973157+09:00] BookManagementTool.INFO: 処理を開始します。 [] []
[2024-11-21T16:55:44.974346+09:00] DataBase\DataBaseMySQL.INFO: データベースに接続します。 [] []
[2024-11-21T16:55:44.985302+09:00] DataBase\DataBaseMySQL.INFO: データベースに接続しました。 [] []
[2024-11-21T16:55:44.985396+09:00] httpManager.INFO: リクエストを受け付けました。 [] []
[2024-11-21T16:55:44.985625+09:00] httpManager.INFO: HTTPメソッド:GET [] []
[2024-11-21T16:55:44.985646+09:00] httpManager.INFO: リクエストURI:/v1/read-histories [] []
[2024-11-21T16:55:44.985660+09:00] httpManager.INFO: データ1 [] []
[2024-11-21T16:55:44.986210+09:00] SqlManager\SQLManager.INFO: SQLクエリを実行します。SELECT COUNT(*) AS count FROM books WHERE isbn = '0000000000000' [] []
[2024-11-21T16:55:44.986636+09:00] SqlManager\SQLManager.INFO: SQLクエリの実行が完了しました。 [] []
[2024-11-21T16:55:44.987016+09:00] SqlManager\SQLManager.INFO: SQLクエリを実行します。SELECT  	books.isbn, 	books.title, 	books.sub_title, 	books.author, 	books.description, 	books.page, 	books.image_url, 	books.published_date, 	books.content, 	books.industry_important, 	books.work_important, 	books.user_important, 	books.priority, 	books.purchased_flag, 	books.viewed_flag, 	read_histories.view_start, 	read_histories.view_end, 	read_histories.impression, 	read_histories.memo, 	read_histories.understanding FROM  	read_histories LEFT JOIN  	books ON  	books.isbn = read_histories.isbn [] []
[2024-11-21T16:55:44.987248+09:00] SqlManager\SQLManager.INFO: SQLクエリの実行が完了しました。 [] []
[2024-11-21T16:55:44.987508+09:00] BookManagementTool.INFO: 処理を終了します。 [] []
[2024-11-21T16:55:50.430942+09:00] BookManagementTool.INFO: 処理を開始します。 [] []
[2024-11-21T16:55:50.433155+09:00] DataBase\DataBaseMySQL.INFO: データベースに接続します。 [] []
[2024-11-21T16:55:50.434832+09:00] DataBase\DataBaseMySQL.INFO: データベースに接続しました。 [] []
[2024-11-21T16:55:50.434967+09:00] httpManager.INFO: リクエストを受け付けました。 [] []
[2024-11-21T16:55:50.435239+09:00] httpManager.INFO: HTTPメソッド:GET [] []
[2024-11-21T16:55:50.435265+09:00] httpManager.INFO: リクエストURI:/v1/book-shelf [] []
[2024-11-21T16:55:50.435289+09:00] httpManager.INFO: データ1 [] []
[2024-11-21T16:55:50.435864+09:00] SqlManager\SQLManager.INFO: SQLクエリを実行します。SELECT COUNT(*) AS count FROM books WHERE isbn = '0000000000000' [] []
[2024-11-21T16:55:50.436326+09:00] SqlManager\SQLManager.INFO: SQLクエリの実行が完了しました。 [] []
[2024-11-21T16:55:50.436708+09:00] SqlManager\SQLManager.INFO: SQLクエリを実行します。SELECT books.isbn,books.title,books.sub_title,books.author,books.description,books.page,books.image_url,books.published_date,books.content,books.industry_important,books.work_important,books.user_important,books.priority,books.purchased_flag,books.viewed_flag FROM books_shelf LEFT JOIN books ON books.isbn = books_shelf.isbn [] []
[2024-11-21T16:55:50.436979+09:00] SqlManager\SQLManager.INFO: SQLクエリの実行が完了しました。 [] []
[2024-11-21T16:55:50.437199+09:00] BookManagementTool.INFO: 処理を終了します。 [] []
[2024-11-21T16:59:34.406137+09:00] BookManagementTool.INFO: 処理を開始します。 [] []
[2024-11-21T16:59:34.407342+09:00] DataBase\DataBaseMySQL.INFO: データベースに接続します。 [] []
[2024-11-21T16:59:34.408520+09:00] DataBase\DataBaseMySQL.INFO: データベースに接続しました。 [] []
[2024-11-21T16:59:34.408594+09:00] httpManager.INFO: リクエストを受け付けました。 [] []
[2024-11-21T16:59:34.408865+09:00] httpManager.INFO: HTTPメソッド:GET [] []
[2024-11-21T16:59:34.408886+09:00] httpManager.INFO: リクエストURI:/v1/wish-list [] []
[2024-11-21T16:59:34.408901+09:00] httpManager.INFO: データ1 [] []
[2024-11-21T16:59:34.409542+09:00] SqlManager\SQLManager.INFO: SQLクエリを実行します。SELECT COUNT(*) AS count FROM books WHERE isbn = '0000000000000' [] []
[2024-11-21T16:59:34.409962+09:00] SqlManager\SQLManager.INFO: SQLクエリの実行が完了しました。 [] []
[2024-11-21T16:59:34.410254+09:00] SqlManager\SQLManager.INFO: SQLクエリを実行します。	SELECT  	books.isbn, 	books.title, 	books.sub_title, 	books.author, 	books.description, 	books.page, 	books.image_url, 	books.published_date, 	books.content, 	books.industry_important, 	books.work_important, 	books.user_important, 	books.priority, 	books.purchased_flag, 	books.viewed_flag, 	wish_list.memo 	FROM wish_list 	LEFT JOIN books 	ON books.isbn = wish_list.isbn [] []
[2024-11-21T16:59:34.410460+09:00] SqlManager\SQLManager.INFO: SQLクエリの実行が完了しました。 [] []
[2024-11-21T16:59:34.410778+09:00] BookManagementTool.INFO: 処理を終了します。 [] []
[2024-11-21T16:59:37.262329+09:00] BookManagementTool.INFO: 処理を開始します。 [] []
[2024-11-21T16:59:37.263442+09:00] DataBase\DataBaseMySQL.INFO: データベースに接続します。 [] []
[2024-11-21T16:59:37.264537+09:00] DataBase\DataBaseMySQL.INFO: データベースに接続しました。 [] []
[2024-11-21T16:59:37.264611+09:00] httpManager.INFO: リクエストを受け付けました。 [] []
[2024-11-21T16:59:37.264872+09:00] httpManager.INFO: HTTPメソッド:GET [] []
[2024-11-21T16:59:37.264891+09:00] httpManager.INFO: リクエストURI:/v1/book-shelf [] []
[2024-11-21T16:59:37.264905+09:00] httpManager.INFO: データ1 [] []
[2024-11-21T16:59:37.265472+09:00] SqlManager\SQLManager.INFO: SQLクエリを実行します。SELECT COUNT(*) AS count FROM books WHERE isbn = '0000000000000' [] []
[2024-11-21T16:59:37.265851+09:00] SqlManager\SQLManager.INFO: SQLクエリの実行が完了しました。 [] []
[2024-11-21T16:59:37.266232+09:00] SqlManager\SQLManager.INFO: SQLクエリを実行します。SELECT books.isbn,books.title,books.sub_title,books.author,books.description,books.page,books.image_url,books.published_date,books.content,books.industry_important,books.work_important,books.user_important,books.priority,books.purchased_flag,books.viewed_flag FROM books_shelf LEFT JOIN books ON books.isbn = books_shelf.isbn [] []
[2024-11-21T16:59:37.266440+09:00] SqlManager\SQLManager.INFO: SQLクエリの実行が完了しました。 [] []
[2024-11-21T16:59:37.266668+09:00] BookManagementTool.INFO: 処理を終了します。 [] []
[2024-11-21T16:59:57.920547+09:00] BookManagementTool.INFO: 処理を開始します。 [] []
[2024-11-21T16:59:57.921561+09:00] DataBase\DataBaseMySQL.INFO: データベースに接続します。 [] []
[2024-11-21T16:59:57.922534+09:00] DataBase\DataBaseMySQL.INFO: データベースに接続しました。 [] []
[2024-11-21T16:59:57.922606+09:00] httpManager.INFO: リクエストを受け付けました。 [] []
[2024-11-21T16:59:57.922819+09:00] httpManager.INFO: HTTPメソッド:GET [] []
[2024-11-21T16:59:57.922839+09:00] httpManager.INFO: リクエストURI:/v1/wish-list?isbn=9784798179339 [] []
[2024-11-21T16:59:57.922854+09:00] httpManager.INFO: データ1 [] []
[2024-11-21T16:59:57.923316+09:00] SqlManager\SQLManager.INFO: SQLクエリを実行します。SELECT COUNT(*) AS count FROM books WHERE isbn = '9784798179339' [] []
[2024-11-21T16:59:57.923694+09:00] SqlManager\SQLManager.INFO: SQLクエリの実行が完了しました。 [] []
[2024-11-21T16:59:57.924039+09:00] SqlManager\SQLManager.INFO: SQLクエリを実行します。	SELECT  	books.isbn, 	books.title, 	books.sub_title, 	books.author, 	books.description, 	books.page, 	books.image_url, 	books.published_date, 	books.content, 	books.industry_important, 	books.work_important, 	books.user_important, 	books.priority, 	books.purchased_flag, 	books.viewed_flag, 	wish_list.memo 	FROM wish_list 	LEFT JOIN books 	ON books.isbn = wish_list.isbn [] []
[2024-11-21T16:59:57.924244+09:00] SqlManager\SQLManager.INFO: SQLクエリの実行が完了しました。 [] []
[2024-11-21T16:59:57.924490+09:00] BookManagementTool.INFO: 処理を終了します。 [] []
[2024-11-21T17:00:13.125639+09:00] BookManagementTool.INFO: 処理を開始します。 [] []
[2024-11-21T17:00:13.127029+09:00] DataBase\DataBaseMySQL.INFO: データベースに接続します。 [] []
[2024-11-21T17:00:13.128064+09:00] DataBase\DataBaseMySQL.INFO: データベースに接続しました。 [] []
[2024-11-21T17:00:13.128185+09:00] httpManager.INFO: リクエストを受け付けました。 [] []
[2024-11-21T17:00:13.128423+09:00] httpManager.INFO: HTTPメソッド:GET [] []
[2024-11-21T17:00:13.128446+09:00] httpManager.INFO: リクエストURI:/v1/wish-list?isbn=9784798179339 [] []
[2024-11-21T17:00:13.128969+09:00] SqlManager\SQLManager.INFO: SQLクエリを実行します。SELECT COUNT(*) AS count FROM books WHERE isbn = '9784798179339' [] []
[2024-11-21T17:00:13.129399+09:00] SqlManager\SQLManager.INFO: SQLクエリの実行が完了しました。 [] []
[2024-11-21T17:00:13.129826+09:00] SqlManager\SQLManager.INFO: SQLクエリを実行します。	SELECT  	books.isbn, 	books.title, 	books.sub_title, 	books.author, 	books.description, 	books.page, 	books.image_url, 	books.published_date, 	books.content, 	books.industry_important, 	books.work_important, 	books.user_important, 	books.priority, 	books.purchased_flag, 	books.viewed_flag, 	wish_list.memo 	FROM wish_list 	LEFT JOIN books 	ON books.isbn = wish_list.isbn [] []
[2024-11-21T17:00:13.130119+09:00] SqlManager\SQLManager.INFO: SQLクエリの実行が完了しました。 [] []
[2024-11-21T17:00:13.130356+09:00] BookManagementTool.INFO: 処理を終了します。 [] []
[2024-11-21T17:00:15.057699+09:00] BookManagementTool.INFO: 処理を開始します。 [] []
[2024-11-21T17:00:15.058923+09:00] DataBase\DataBaseMySQL.INFO: データベースに接続します。 [] []
[2024-11-21T17:00:15.059905+09:00] DataBase\DataBaseMySQL.INFO: データベースに接続しました。 [] []
[2024-11-21T17:00:15.059983+09:00] httpManager.INFO: リクエストを受け付けました。 [] []
[2024-11-21T17:00:15.060252+09:00] httpManager.INFO: HTTPメソッド:GET [] []
[2024-11-21T17:00:15.060274+09:00] httpManager.INFO: リクエストURI:/v1/book-shelf [] []
[2024-11-21T17:00:15.060849+09:00] SqlManager\SQLManager.INFO: SQLクエリを実行します。SELECT COUNT(*) AS count FROM books WHERE isbn = '0000000000000' [] []
[2024-11-21T17:00:15.061471+09:00] SqlManager\SQLManager.INFO: SQLクエリの実行が完了しました。 [] []
[2024-11-21T17:00:15.061832+09:00] SqlManager\SQLManager.INFO: SQLクエリを実行します。SELECT books.isbn,books.title,books.sub_title,books.author,books.description,books.page,books.image_url,books.published_date,books.content,books.industry_important,books.work_important,books.user_important,books.priority,books.purchased_flag,books.viewed_flag FROM books_shelf LEFT JOIN books ON books.isbn = books_shelf.isbn [] []
[2024-11-21T17:00:15.062056+09:00] SqlManager\SQLManager.INFO: SQLクエリの実行が完了しました。 [] []
[2024-11-21T17:00:15.062376+09:00] BookManagementTool.INFO: 処理を終了します。 [] []
[2024-11-21T17:01:03.244937+09:00] BookManagementTool.INFO: 処理を開始します。 [] []
[2024-11-21T17:01:03.245904+09:00] DataBase\DataBaseMySQL.INFO: データベースに接続します。 [] []
[2024-11-21T17:01:03.246961+09:00] DataBase\DataBaseMySQL.INFO: データベースに接続しました。 [] []
[2024-11-21T17:01:03.247039+09:00] httpManager.INFO: リクエストを受け付けました。 [] []
[2024-11-21T17:01:03.247242+09:00] httpManager.INFO: HTTPメソッド:GET [] []
[2024-11-21T17:01:03.247260+09:00] httpManager.INFO: リクエストURI:/v1/read-histories [] []
[2024-11-21T17:01:03.247686+09:00] SqlManager\SQLManager.INFO: SQLクエリを実行します。SELECT COUNT(*) AS count FROM books WHERE isbn = '0000000000000' [] []
[2024-11-21T17:01:03.248026+09:00] SqlManager\SQLManager.INFO: SQLクエリの実行が完了しました。 [] []
[2024-11-21T17:01:03.248396+09:00] SqlManager\SQLManager.INFO: SQLクエリを実行します。SELECT  	books.isbn, 	books.title, 	books.sub_title, 	books.author, 	books.description, 	books.page, 	books.image_url, 	books.published_date, 	books.content, 	books.industry_important, 	books.work_important, 	books.user_important, 	books.priority, 	books.purchased_flag, 	books.viewed_flag, 	read_histories.view_start, 	read_histories.view_end, 	read_histories.impression, 	read_histories.memo, 	read_histories.understanding FROM  	read_histories LEFT JOIN  	books ON  	books.isbn = read_histories.isbn [] []
[2024-11-21T17:01:03.248615+09:00] SqlManager\SQLManager.INFO: SQLクエリの実行が完了しました。 [] []
[2024-11-21T17:01:03.248803+09:00] BookManagementTool.INFO: 処理を終了します。 [] []
[2024-11-21T17:01:04.627519+09:00] BookManagementTool.INFO: 処理を開始します。 [] []
[2024-11-21T17:01:04.628569+09:00] DataBase\DataBaseMySQL.INFO: データベースに接続します。 [] []
[2024-11-21T17:01:04.629589+09:00] DataBase\DataBaseMySQL.INFO: データベースに接続しました。 [] []
[2024-11-21T17:01:04.629676+09:00] httpManager.INFO: リクエストを受け付けました。 [] []
[2024-11-21T17:01:04.629898+09:00] httpManager.INFO: HTTPメソッド:GET [] []
[2024-11-21T17:01:04.629918+09:00] httpManager.INFO: リクエストURI:/v1/wish-list [] []
[2024-11-21T17:01:04.630526+09:00] SqlManager\SQLManager.INFO: SQLクエリを実行します。SELECT COUNT(*) AS count FROM books WHERE isbn = '0000000000000' [] []
[2024-11-21T17:01:04.630906+09:00] SqlManager\SQLManager.INFO: SQLクエリの実行が完了しました。 [] []
[2024-11-21T17:01:04.631222+09:00] SqlManager\SQLManager.INFO: SQLクエリを実行します。	SELECT  	books.isbn, 	books.title, 	books.sub_title, 	books.author, 	books.description, 	books.page, 	books.image_url, 	books.published_date, 	books.content, 	books.industry_important, 	books.work_important, 	books.user_important, 	books.priority, 	books.purchased_flag, 	books.viewed_flag, 	wish_list.memo 	FROM wish_list 	LEFT JOIN books 	ON books.isbn = wish_list.isbn [] []
[2024-11-21T17:01:04.631418+09:00] SqlManager\SQLManager.INFO: SQLクエリの実行が完了しました。 [] []
[2024-11-21T17:01:04.631603+09:00] BookManagementTool.INFO: 処理を終了します。 [] []
[2024-11-21T17:01:11.876313+09:00] BookManagementTool.INFO: 処理を開始します。 [] []
[2024-11-21T17:01:11.877238+09:00] DataBase\DataBaseMySQL.INFO: データベースに接続します。 [] []
[2024-11-21T17:01:11.878267+09:00] DataBase\DataBaseMySQL.INFO: データベースに接続しました。 [] []
[2024-11-21T17:01:11.878336+09:00] httpManager.INFO: リクエストを受け付けました。 [] []
[2024-11-21T17:01:11.878544+09:00] httpManager.INFO: HTTPメソッド:GET [] []
[2024-11-21T17:01:11.878564+09:00] httpManager.INFO: リクエストURI:/v1/book-shelf [] []
[2024-11-21T17:01:11.879002+09:00] SqlManager\SQLManager.INFO: SQLクエリを実行します。SELECT COUNT(*) AS count FROM books WHERE isbn = '0000000000000' [] []
[2024-11-21T17:01:11.879332+09:00] SqlManager\SQLManager.INFO: SQLクエリの実行が完了しました。 [] []
[2024-11-21T17:01:11.879635+09:00] SqlManager\SQLManager.INFO: SQLクエリを実行します。SELECT books.isbn,books.title,books.sub_title,books.author,books.description,books.page,books.image_url,books.published_date,books.content,books.industry_important,books.work_important,books.user_important,books.priority,books.purchased_flag,books.viewed_flag FROM books_shelf LEFT JOIN books ON books.isbn = books_shelf.isbn [] []
[2024-11-21T17:01:11.879803+09:00] SqlManager\SQLManager.INFO: SQLクエリの実行が完了しました。 [] []
[2024-11-21T17:01:11.879958+09:00] BookManagementTool.INFO: 処理を終了します。 [] []
[2024-11-21T17:01:13.451127+09:00] BookManagementTool.INFO: 処理を開始します。 [] []
[2024-11-21T17:01:13.452020+09:00] DataBase\DataBaseMySQL.INFO: データベースに接続します。 [] []
[2024-11-21T17:01:13.453398+09:00] DataBase\DataBaseMySQL.INFO: データベースに接続しました。 [] []
[2024-11-21T17:01:13.453533+09:00] httpManager.INFO: リクエストを受け付けました。 [] []
[2024-11-21T17:01:13.453770+09:00] httpManager.INFO: HTTPメソッド:GET [] []
[2024-11-21T17:01:13.453792+09:00] httpManager.INFO: リクエストURI:/v1/read-histories [] []
[2024-11-21T17:01:13.454249+09:00] SqlManager\SQLManager.INFO: SQLクエリを実行します。SELECT COUNT(*) AS count FROM books WHERE isbn = '0000000000000' [] []
[2024-11-21T17:01:13.454666+09:00] SqlManager\SQLManager.INFO: SQLクエリの実行が完了しました。 [] []
[2024-11-21T17:01:13.454978+09:00] SqlManager\SQLManager.INFO: SQLクエリを実行します。SELECT  	books.isbn, 	books.title, 	books.sub_title, 	books.author, 	books.description, 	books.page, 	books.image_url, 	books.published_date, 	books.content, 	books.industry_important, 	books.work_important, 	books.user_important, 	books.priority, 	books.purchased_flag, 	books.viewed_flag, 	read_histories.view_start, 	read_histories.view_end, 	read_histories.impression, 	read_histories.memo, 	read_histories.understanding FROM  	read_histories LEFT JOIN  	books ON  	books.isbn = read_histories.isbn [] []
[2024-11-21T17:01:13.455199+09:00] SqlManager\SQLManager.INFO: SQLクエリの実行が完了しました。 [] []
[2024-11-21T17:01:13.455359+09:00] BookManagementTool.INFO: 処理を終了します。 [] []
[2024-11-21T17:04:21.776804+09:00] BookManagementTool.INFO: 処理を開始します。 [] []
[2024-11-21T17:04:21.778078+09:00] DataBase\DataBaseMySQL.INFO: データベースに接続します。 [] []
[2024-11-21T17:04:21.779379+09:00] DataBase\DataBaseMySQL.INFO: データベースに接続しました。 [] []
[2024-11-21T17:04:21.779470+09:00] httpManager.INFO: リクエストを受け付けました。 [] []
[2024-11-21T17:04:21.779758+09:00] httpManager.INFO: HTTPメソッド:GET [] []
[2024-11-21T17:04:21.779813+09:00] httpManager.INFO: リクエストURI:/v1/wish-list?isbn=9784798179339 [] []
[2024-11-21T17:04:21.780505+09:00] SqlManager\SQLManager.INFO: SQLクエリを実行します。SELECT COUNT(*) AS count FROM books WHERE isbn = '9784798179339' [] []
[2024-11-21T17:04:21.780955+09:00] SqlManager\SQLManager.INFO: SQLクエリの実行が完了しました。 [] []
[2024-11-21T17:04:21.781307+09:00] SqlManager\SQLManager.INFO: SQLクエリを実行します。	SELECT  	books.isbn, 	books.title, 	books.sub_title, 	books.author, 	books.description, 	books.page, 	books.image_url, 	books.published_date, 	books.content, 	books.industry_important, 	books.work_important, 	books.user_important, 	books.priority, 	books.purchased_flag, 	books.viewed_flag, 	wish_list.memo 	FROM wish_list 	LEFT JOIN books 	ON books.isbn = wish_list.isbn [] []
[2024-11-21T17:04:21.781551+09:00] SqlManager\SQLManager.INFO: SQLクエリの実行が完了しました。 [] []
[2024-11-21T17:04:21.781841+09:00] BookManagementTool.INFO: 処理を終了します。 [] []
